CONTAINER ID   NAME      CPU %     MEM USAGE / LIMIT   MEM %     NET I/O           BLOCK I/O     PIDS
df6cf4ce370d   iotdb5    172.22%   555.9MiB / 16GiB    3.39%     892B / 698B       0B / 0B       29
2da3bef2f48d   iotdb4    94.93%    894.8MiB / 16GiB    5.46%     1.38kB / 838B     0B / 0B       34
07822aff2bdd   iotdb3    0.95%     539.5MiB / 16GiB    3.29%     976B / 698B       0B / 0B       28
ce78f8d72672   iotdb2    0.63%     546.5MiB / 16GiB    3.34%     1.02kB / 698B     0B / 0B       28
cdcc9ec0d15a   iotdb1    70.71%    1019MiB / 16GiB     6.22%     12kB / 5.88kB     0B / 5.36MB   61
2b385096d669   iotdb0    102.78%   1.014GiB / 16GiB    6.34%     7.52kB / 10.5kB   0B / 5.4MB    98
CONTAINER ID   NAME      CPU %     MEM USAGE / LIMIT   MEM %     NET I/O           BLOCK I/O     PIDS
df6cf4ce370d   iotdb5    17.08%    1.496GiB / 16GiB    9.35%     61.2kB / 25.1kB   0B / 5.66MB   95
2da3bef2f48d   iotdb4    116.57%   9.562GiB / 16GiB    59.76%    188kB / 50.6kB    0B / 5.78MB   173
07822aff2bdd   iotdb3    18.20%    1.48GiB / 16GiB     9.25%     51.2kB / 17.6kB   0B / 5.59MB   84
ce78f8d72672   iotdb2    170.03%   1.936GiB / 16GiB    12.10%    132kB / 34.6kB    0B / 6.28MB   148
cdcc9ec0d15a   iotdb1    151.80%   1.85GiB / 16GiB     11.56%    101kB / 36.8kB    0B / 6.68MB   113
2b385096d669   iotdb0    30.19%    1.932GiB / 16GiB    12.08%    143kB / 237kB     0B / 5.9MB    172
CONTAINER ID   NAME      CPU %     MEM USAGE / LIMIT   MEM %     NET I/O           BLOCK I/O         PIDS
df6cf4ce370d   iotdb5    4.96%     1.834GiB / 16GiB    11.46%    87.1kB / 37.1kB   0B / 11MB         111
2da3bef2f48d   iotdb4    24.39%    16GiB / 16GiB       100.00%   249kB / 75.3kB    81.3MB / 2.35GB   294
07822aff2bdd   iotdb3    189.99%   1.821GiB / 16GiB    11.38%    72.7kB / 29.6kB   0B / 10.9MB       111
ce78f8d72672   iotdb2    12.61%    1.99GiB / 16GiB     12.44%    159kB / 75.1kB    0B / 11MB         165
cdcc9ec0d15a   iotdb1    2.85%     1.863GiB / 16GiB    11.64%    127kB / 51.6kB    0B / 15.9MB       125
2b385096d669   iotdb0    177.50%   2.071GiB / 16GiB    12.94%    233kB / 400kB     0B / 11.5MB       195
CONTAINER ID   NAME      CPU %     MEM USAGE / LIMIT   MEM %     NET I/O           BLOCK I/O       PIDS
df6cf4ce370d   iotdb5    2.41%     1.825GiB / 16GiB    11.41%    108kB / 49.2kB    0B / 11MB       117
2da3bef2f48d   iotdb4    36.68%    16GiB / 16GiB       100.00%   275kB / 90.5kB    271MB / 2.6GB   306
07822aff2bdd   iotdb3    4.32%     1.832GiB / 16GiB    11.45%    92.5kB / 48.7kB   0B / 10.9MB     111
ce78f8d72672   iotdb2    6.43%     1.982GiB / 16GiB    12.39%    177kB / 90.6kB    0B / 11.1MB     165
cdcc9ec0d15a   iotdb1    3.34%     1.863GiB / 16GiB    11.64%    146kB / 62.3kB    0B / 16MB       125
2b385096d669   iotdb0    6.17%     2.074GiB / 16GiB    12.96%    278kB / 473kB     0B / 11.6MB     203
CONTAINER ID   NAME      CPU %     MEM USAGE / LIMIT   MEM %     NET I/O           BLOCK I/O        PIDS
df6cf4ce370d   iotdb5    304.55%   2.743GiB / 16GiB    17.14%    9.09MB / 9.4MB    0B / 41.1MB      229
2da3bef2f48d   iotdb4    51.20%    16GiB / 16GiB       100.00%   5.19MB / 310kB    433MB / 3.03GB   375
07822aff2bdd   iotdb3    300.61%   2.531GiB / 16GiB    15.82%    6.35MB / 10.9MB   0B / 26.2MB      178
ce78f8d72672   iotdb2    336.13%   4.521GiB / 16GiB    28.26%    10.9MB / 10.8MB   0B / 26.3MB      268
cdcc9ec0d15a   iotdb1    224.78%   2.374GiB / 16GiB    14.84%    9.03MB / 3.04MB   0B / 31.2MB      164
2b385096d669   iotdb0    379.33%   2.67GiB / 16GiB     16.69%    6.29MB / 3.65MB   0B / 34.7MB      257
CONTAINER ID   NAME      CPU %     MEM USAGE / LIMIT   MEM %     NET I/O           BLOCK I/O        PIDS
df6cf4ce370d   iotdb5    356.83%   3.459GiB / 16GiB    21.62%    182MB / 184MB     0B / 465MB       231
2da3bef2f48d   iotdb4    124.17%   15.19GiB / 16GiB    94.93%    96.7MB / 1.02MB   517MB / 4.54GB   602
07822aff2bdd   iotdb3    226.83%   3.167GiB / 16GiB    19.80%    127MB / 230MB     0B / 318MB       185
ce78f8d72672   iotdb2    305.70%   5.018GiB / 16GiB    31.36%    193MB / 197MB     0B / 290MB       274
cdcc9ec0d15a   iotdb1    223.61%   3.063GiB / 16GiB    19.14%    227MB / 99.4MB    0B / 323MB       168
2b385096d669   iotdb0    179.19%   3.554GiB / 16GiB    22.21%    287MB / 105MB     0B / 466MB       258
CONTAINER ID   NAME      CPU %     MEM USAGE / LIMIT   MEM %     NET I/O          BLOCK I/O        PIDS
df6cf4ce370d   iotdb5    70.41%    3.876GiB / 16GiB    24.22%    319MB / 336MB    0B / 794MB       231
2da3bef2f48d   iotdb4    0.91%     15.32GiB / 16GiB    95.76%    161MB / 2.45MB   560MB / 4.67GB   605
07822aff2bdd   iotdb3    73.79%    3.502GiB / 16GiB    21.89%    227MB / 387MB    0B / 562MB       182
ce78f8d72672   iotdb2    68.28%    5.144GiB / 16GiB    32.15%    375MB / 383MB    0B / 562MB       265
cdcc9ec0d15a   iotdb1    60.60%    3.286GiB / 16GiB    20.54%    409MB / 181MB    0B / 565MB       162
2b385096d669   iotdb0    394.58%   3.91GiB / 16GiB     24.44%    510MB / 185MB    0B / 818MB       266
CONTAINER ID   NAME      CPU %     MEM USAGE / LIMIT   MEM %     NET I/O          BLOCK I/O       PIDS
df6cf4ce370d   iotdb5    65.15%    4.004GiB / 16GiB    25.03%    389MB / 393MB    0B / 961MB      231
2da3bef2f48d   iotdb4    7.25%     15.46GiB / 16GiB    96.62%    180MB / 2.88MB   666MB / 4.7GB   607
07822aff2bdd   iotdb3    57.02%    3.658GiB / 16GiB    22.86%    272MB / 466MB    0B / 674MB      180
ce78f8d72672   iotdb2    82.48%    5.198GiB / 16GiB    32.49%    451MB / 461MB    0B / 672MB      265
cdcc9ec0d15a   iotdb1    48.78%    3.347GiB / 16GiB    20.92%    491MB / 217MB    0B / 675MB      162
2b385096d669   iotdb0    394.54%   4.033GiB / 16GiB    25.21%    602MB / 218MB    0B / 960MB      267
CONTAINER ID   NAME      CPU %     MEM USAGE / LIMIT   MEM %     NET I/O          BLOCK I/O       PIDS
df6cf4ce370d   iotdb5    154.95%   4.256GiB / 16GiB    26.60%    469MB / 624MB    0B / 1.15GB     234
2da3bef2f48d   iotdb4    398.07%   15.96GiB / 16GiB    99.78%    492MB / 15.2MB   792MB / 5.4GB   590
07822aff2bdd   iotdb3    153.17%   3.86GiB / 16GiB     24.12%    329MB / 677MB    0B / 807MB      180
ce78f8d72672   iotdb2    124.86%   5.262GiB / 16GiB    32.89%    542MB / 553MB    0B / 805MB      265
cdcc9ec0d15a   iotdb1    84.05%    3.532GiB / 16GiB    22.08%    589MB / 260MB    0B / 809MB      162
2b385096d669   iotdb0    407.19%   4.193GiB / 16GiB    26.21%    716MB / 256MB    0B / 1.14GB     271
CONTAINER ID   NAME      CPU %     MEM USAGE / LIMIT   MEM %     NET I/O          BLOCK I/O        PIDS
df6cf4ce370d   iotdb5    119.77%   4.809GiB / 16GiB    30.06%    553MB / 724MB    0B / 1.35GB      218
2da3bef2f48d   iotdb4    251.04%   15.63GiB / 16GiB    97.70%    576MB / 27.5MB   951MB / 6.18GB   553
07822aff2bdd   iotdb3    80.52%    3.953GiB / 16GiB    24.71%    384MB / 784MB    0B / 930MB       179
ce78f8d72672   iotdb2    67.66%    5.953GiB / 16GiB    37.21%    636MB / 649MB    0B / 942MB       256
cdcc9ec0d15a   iotdb1    61.15%    3.656GiB / 16GiB    22.85%    692MB / 304MB    0B / 950MB       158
2b385096d669   iotdb0    409.74%   4.397GiB / 16GiB    27.48%    849MB / 301MB    0B / 1.35GB      269
CONTAINER ID   NAME      CPU %     MEM USAGE / LIMIT   MEM %     NET I/O         BLOCK I/O         PIDS
df6cf4ce370d   iotdb5    75.19%    5.146GiB / 16GiB    32.16%    630MB / 782MB   0B / 1.52GB       213
2da3bef2f48d   iotdb4    1.60%     16GiB / 16GiB       100.00%   592MB / 30MB    1.12GB / 6.51GB   552
07822aff2bdd   iotdb3    91.63%    4.535GiB / 16GiB    28.34%    439MB / 880MB   0B / 1.06GB       181
ce78f8d72672   iotdb2    62.73%    6.327GiB / 16GiB    39.55%    725MB / 740MB   0B / 1.06GB       184
cdcc9ec0d15a   iotdb1    63.75%    3.906GiB / 16GiB    24.41%    789MB / 347MB   0B / 1.07GB       154
2b385096d669   iotdb0    393.66%   4.588GiB / 16GiB    28.67%    966MB / 342MB   0B / 1.53GB       253
CONTAINER ID   NAME      CPU %     MEM USAGE / LIMIT   MEM %     NET I/O          BLOCK I/O         PIDS
df6cf4ce370d   iotdb5    199.77%   8.425GiB / 16GiB    52.66%    877MB / 1.06GB   0B / 2.12GB       213
2da3bef2f48d   iotdb4    150.77%   15.68GiB / 16GiB    97.98%    732MB / 33.4MB   1.28GB / 6.86GB   557
07822aff2bdd   iotdb3    161.94%   5.895GiB / 16GiB    36.84%    615MB / 1.18GB   0B / 1.49GB       183
ce78f8d72672   iotdb2    161.24%   7.011GiB / 16GiB    43.82%    1GB / 1.03GB     4.1kB / 1.48GB    184
cdcc9ec0d15a   iotdb1    90.17%    4.71GiB / 16GiB     29.44%    1.1GB / 489MB    0B / 1.49GB       159
2b385096d669   iotdb0    132.72%   5.634GiB / 16GiB    35.21%    1.32GB / 469MB   0B / 2.06GB       244
CONTAINER ID   NAME      CPU %     MEM USAGE / LIMIT   MEM %     NET I/O           BLOCK I/O         PIDS
df6cf4ce370d   iotdb5    187.24%   8.811GiB / 16GiB    55.07%    1.17GB / 1.29GB   0B / 2.83GB       215
2da3bef2f48d   iotdb4    2.17%     15.89GiB / 16GiB    99.33%    773MB / 34.4MB    1.35GB / 6.94GB   557
07822aff2bdd   iotdb3    166.68%   8.06GiB / 16GiB     50.37%    819MB / 1.5GB     0B / 1.99GB       183
ce78f8d72672   iotdb2    125.08%   10.28GiB / 16GiB    64.27%    1.33GB / 1.36GB   4.1kB / 1.98GB    183
cdcc9ec0d15a   iotdb1    110.90%   8.079GiB / 16GiB    50.50%    1.48GB / 660MB    0B / 1.99GB       159
2b385096d669   iotdb0    140.49%   9.099GiB / 16GiB    56.87%    1.78GB / 640MB    0B / 2.78GB       243
CONTAINER ID   NAME      CPU %     MEM USAGE / LIMIT   MEM %     NET I/O           BLOCK I/O         PIDS
df6cf4ce370d   iotdb5    380.62%   10.82GiB / 16GiB    67.61%    1.44GB / 1.59GB   0B / 3.48GB       215
2da3bef2f48d   iotdb4    6.10%     16GiB / 16GiB       99.99%    993MB / 39.7MB    1.46GB / 7.43GB   538
07822aff2bdd   iotdb3    238.04%   9.377GiB / 16GiB    58.60%    1.03GB / 1.92GB   0B / 2.49GB       182
ce78f8d72672   iotdb2    123.50%   10.51GiB / 16GiB    65.67%    1.67GB / 1.7GB    4.1kB / 2.48GB    184
cdcc9ec0d15a   iotdb1    120.24%   12.75GiB / 16GiB    79.69%    1.86GB / 832MB    0B / 2.49GB       159
2b385096d669   iotdb0    145.29%   9.559GiB / 16GiB    59.75%    2.29GB / 822MB    0B / 3.55GB       240
CONTAINER ID   NAME      CPU %     MEM USAGE / LIMIT   MEM %     NET I/O           BLOCK I/O         PIDS
df6cf4ce370d   iotdb5    40.46%    11.55GiB / 16GiB    72.21%    1.51GB / 1.83GB   0B / 3.67GB       213
2da3bef2f48d   iotdb4    101.85%   16GiB / 16GiB       99.97%    1.28GB / 43.2MB   1.49GB / 8.11GB   535
07822aff2bdd   iotdb3    33.90%    9.515GiB / 16GiB    59.47%    1.06GB / 2.06GB   0B / 2.57GB       184
ce78f8d72672   iotdb2    34.75%    10.55GiB / 16GiB    65.95%    1.72GB / 1.76GB   4.1kB / 2.56GB    184
cdcc9ec0d15a   iotdb1    18.15%    13.12GiB / 16GiB    82.00%    1.92GB / 857MB    0B / 2.57GB       159
2b385096d669   iotdb0    26.07%    10.64GiB / 16GiB    66.51%    2.36GB / 847MB    0B / 3.66GB       236
CONTAINER ID   NAME      CPU %     MEM USAGE / LIMIT   MEM %     NET I/O           BLOCK I/O       PIDS
df6cf4ce370d   iotdb5    372.56%   11.76GiB / 16GiB    73.48%    1.71GB / 2.11GB   0B / 4.14GB     221
07822aff2bdd   iotdb3    243.55%   10.22GiB / 16GiB    63.89%    1.2GB / 2.38GB    0B / 2.91GB     188
ce78f8d72672   iotdb2    113.92%   12.1GiB / 16GiB     75.63%    1.95GB / 1.99GB   4.1kB / 2.9GB   185
cdcc9ec0d15a   iotdb1    68.88%    13.27GiB / 16GiB    82.93%    2.17GB / 969MB    0B / 2.91GB     159
2b385096d669   iotdb0    104.39%   12.89GiB / 16GiB    80.55%    2.64GB / 950MB    0B / 4.1GB      235
