2023-05-27 03:00:47,429 [pool-24-IoTDB-ClientRPC-Processor-21] ERROR o.a.t.s.TThreadPoolServer$WorkerProcess:258 - Error occurred during processing of message. 
java.lang.NullPointerException: null
	at java.base/java.lang.String.<init>(String.java:505)
	at org.apache.thrift.protocol.TBinaryProtocol.readString(TBinaryProtocol.java:404)
	at org.apache.iotdb.service.rpc.thrift.TSInsertRecordReq$TSInsertRecordReqStandardScheme.read(TSInsertRecordReq.java:766)
	at org.apache.iotdb.service.rpc.thrift.TSInsertRecordReq$TSInsertRecordReqStandardScheme.read(TSInsertRecordReq.java:730)
	at org.apache.iotdb.service.rpc.thrift.TSInsertRecordReq.read(TSInsertRecordReq.java:637)
	at org.apache.iotdb.service.rpc.thrift.IClientRPCService$insertRecord_args$insertRecord_argsStandardScheme.read(IClientRPCService.java:27245)
	at org.apache.iotdb.service.rpc.thrift.IClientRPCService$insertRecord_args$insertRecord_argsStandardScheme.read(IClientRPCService.java:27230)
	at org.apache.iotdb.service.rpc.thrift.IClientRPCService$insertRecord_args.read(IClientRPCService.java:27177)
	at org.apache.thrift.ProcessFunction.process(ProcessFunction.java:23)
	at org.apache.iotdb.db.service.thrift.ProcessorWithMetrics.process(ProcessorWithMetrics.java:64)
	at org.apache.thrift.server.TThreadPoolServer$WorkerProcess.run(TThreadPoolServer.java:248)
	at java.base/java.util.concurrent.ThreadPoolExecutor.runWorker(ThreadPoolExecutor.java:1128)
	at java.base/java.util.concurrent.ThreadPoolExecutor$Worker.run(ThreadPoolExecutor.java:628)
	at java.base/java.lang.Thread.run(Thread.java:829)
2023-05-27 03:01:21,142 [pool-24-IoTDB-ClientRPC-Processor-21$20230527_030047_00001_8.1.0] ERROR o.a.i.d.m.p.s.FragmentInstanceDispatcherImpl:195 - can't connect to node TEndPoint(ip:172.20.0.10, port:9003) 
org.apache.thrift.TException: Error in calling method sendPlanNode, because: Error in calling method recv_sendPlanNode, because: Error in calling method receiveBase, because: java.net.SocketTimeoutException: Read timed out
	at org.apache.iotdb.commons.client.sync.SyncThriftClientWithErrorHandler.intercept(SyncThriftClientWithErrorHandler.java:95)
	at org.apache.iotdb.commons.client.sync.SyncDataNodeInternalServiceClient$$EnhancerByCGLIB$$be38bb6d.sendPlanNode(<generated>)
	at org.apache.iotdb.db.mpp.plan.scheduler.FragmentInstanceDispatcherImpl.dispatchRemote(FragmentInstanceDispatcherImpl.java:171)
	at org.apache.iotdb.db.mpp.plan.scheduler.FragmentInstanceDispatcherImpl.dispatchOneInstance(FragmentInstanceDispatcherImpl.java:139)
	at org.apache.iotdb.db.mpp.plan.scheduler.FragmentInstanceDispatcherImpl.dispatchWriteSync(FragmentInstanceDispatcherImpl.java:119)
	at org.apache.iotdb.db.mpp.plan.scheduler.FragmentInstanceDispatcherImpl.dispatch(FragmentInstanceDispatcherImpl.java:90)
	at org.apache.iotdb.db.mpp.plan.scheduler.ClusterScheduler.start(ClusterScheduler.java:106)
	at org.apache.iotdb.db.mpp.plan.execution.QueryExecution.schedule(QueryExecution.java:288)
	at org.apache.iotdb.db.mpp.plan.execution.QueryExecution.start(QueryExecution.java:206)
	at org.apache.iotdb.db.mpp.plan.Coordinator.execute(Coordinator.java:150)
	at org.apache.iotdb.db.mpp.plan.Coordinator.execute(Coordinator.java:164)
	at org.apache.iotdb.db.service.thrift.impl.ClientRPCServiceImpl.insertRecord(ClientRPCServiceImpl.java:1140)
	at org.apache.iotdb.service.rpc.thrift.IClientRPCService$Processor$insertRecord.getResult(IClientRPCService.java:4028)
	at org.apache.iotdb.service.rpc.thrift.IClientRPCService$Processor$insertRecord.getResult(IClientRPCService.java:4008)
	at org.apache.thrift.ProcessFunction.process(ProcessFunction.java:38)
	at org.apache.iotdb.db.service.thrift.ProcessorWithMetrics.process(ProcessorWithMetrics.java:64)
	at org.apache.thrift.server.TThreadPoolServer$WorkerProcess.run(TThreadPoolServer.java:248)
	at java.base/java.util.concurrent.ThreadPoolExecutor.runWorker(ThreadPoolExecutor.java:1128)
	at java.base/java.util.concurrent.ThreadPoolExecutor$Worker.run(ThreadPoolExecutor.java:628)
	at java.base/java.lang.Thread.run(Thread.java:829)
Caused by: org.apache.thrift.TException: Error in calling method recv_sendPlanNode, because: Error in calling method receiveBase, because: java.net.SocketTimeoutException: Read timed out
	at org.apache.iotdb.commons.client.sync.SyncThriftClientWithErrorHandler.intercept(SyncThriftClientWithErrorHandler.java:95)
	at org.apache.iotdb.commons.client.sync.SyncDataNodeInternalServiceClient$$EnhancerByCGLIB$$be38bb6d.recv_sendPlanNode(<generated>)
	at org.apache.iotdb.mpp.rpc.thrift.IDataNodeRPCService$Client.sendPlanNode(IDataNodeRPCService.java:546)
	at org.apache.iotdb.commons.client.sync.SyncDataNodeInternalServiceClient$$EnhancerByCGLIB$$be38bb6d.CGLIB$sendPlanNode$157(<generated>)
	at org.apache.iotdb.commons.client.sync.SyncDataNodeInternalServiceClient$$EnhancerByCGLIB$$be38bb6d$$FastClassByCGLIB$$a3ae04ae.invoke(<generated>)
	at net.sf.cglib.proxy.MethodProxy.invokeSuper(MethodProxy.java:228)
	at org.apache.iotdb.commons.client.sync.SyncThriftClientWithErrorHandler.intercept(SyncThriftClientWithErrorHandler.java:55)
	... 19 common frames omitted
Caused by: org.apache.thrift.TException: Error in calling method receiveBase, because: java.net.SocketTimeoutException: Read timed out
	at org.apache.iotdb.commons.client.sync.SyncThriftClientWithErrorHandler.intercept(SyncThriftClientWithErrorHandler.java:95)
	at org.apache.iotdb.commons.client.sync.SyncDataNodeInternalServiceClient$$EnhancerByCGLIB$$be38bb6d.receiveBase(<generated>)
	at org.apache.iotdb.mpp.rpc.thrift.IDataNodeRPCService$Client.recv_sendPlanNode(IDataNodeRPCService.java:559)
	at org.apache.iotdb.commons.client.sync.SyncDataNodeInternalServiceClient$$EnhancerByCGLIB$$be38bb6d.CGLIB$recv_sendPlanNode$11(<generated>)
	at org.apache.iotdb.commons.client.sync.SyncDataNodeInternalServiceClient$$EnhancerByCGLIB$$be38bb6d$$FastClassByCGLIB$$a3ae04ae.invoke(<generated>)
	at net.sf.cglib.proxy.MethodProxy.invokeSuper(MethodProxy.java:228)
	at org.apache.iotdb.commons.client.sync.SyncThriftClientWithErrorHandler.intercept(SyncThriftClientWithErrorHandler.java:55)
	... 25 common frames omitted
Caused by: org.apache.thrift.transport.TTransportException: java.net.SocketTimeoutException: Read timed out
	at org.apache.thrift.transport.TIOStreamTransport.read(TIOStreamTransport.java:178)
	at org.apache.thrift.transport.TTransport.readAll(TTransport.java:109)
	at org.apache.iotdb.rpc.TElasticFramedTransport.readFrame(TElasticFramedTransport.java:112)
	at org.apache.iotdb.rpc.TElasticFramedTransport.read(TElasticFramedTransport.java:107)
	at org.apache.thrift.transport.TTransport.readAll(TTransport.java:109)
	at org.apache.thrift.protocol.TBinaryProtocol.readAll(TBinaryProtocol.java:463)
	at org.apache.thrift.protocol.TBinaryProtocol.readI32(TBinaryProtocol.java:361)
	at org.apache.thrift.protocol.TBinaryProtocol.readMessageBegin(TBinaryProtocol.java:244)
	at org.apache.thrift.TServiceClient.receiveBase(TServiceClient.java:77)
	at org.apache.iotdb.commons.client.sync.SyncDataNodeInternalServiceClient$$EnhancerByCGLIB$$be38bb6d.CGLIB$receiveBase$171(<generated>)
	at org.apache.iotdb.commons.client.sync.SyncDataNodeInternalServiceClient$$EnhancerByCGLIB$$be38bb6d$$FastClassByCGLIB$$a3ae04ae.invoke(<generated>)
	at net.sf.cglib.proxy.MethodProxy.invokeSuper(MethodProxy.java:228)
	at org.apache.iotdb.commons.client.sync.SyncThriftClientWithErrorHandler.intercept(SyncThriftClientWithErrorHandler.java:55)
	... 31 common frames omitted
Caused by: java.net.SocketTimeoutException: Read timed out
	at java.base/java.net.SocketInputStream.socketRead0(Native Method)
	at java.base/java.net.SocketInputStream.socketRead(SocketInputStream.java:115)
	at java.base/java.net.SocketInputStream.read(SocketInputStream.java:168)
	at java.base/java.net.SocketInputStream.read(SocketInputStream.java:140)
	at java.base/java.io.BufferedInputStream.fill(BufferedInputStream.java:252)
	at java.base/java.io.BufferedInputStream.read1(BufferedInputStream.java:292)
	at java.base/java.io.BufferedInputStream.read(BufferedInputStream.java:351)
	at org.apache.thrift.transport.TIOStreamTransport.read(TIOStreamTransport.java:176)
	... 43 common frames omitted
2023-05-27 03:01:23,076 [pool-24-IoTDB-ClientRPC-Processor-45$20230527_030047_00000_8.1.0] ERROR o.a.i.d.m.p.s.FragmentInstanceDispatcherImpl:173 - dispatch write failed. status: TSStatus(code:305), code: INTERNAL_SERVER_ERROR(305), message: null, node TEndPoint(ip:172.20.0.13, port:9003) 
2023-05-27 03:01:23,113 [pool-24-IoTDB-ClientRPC-Processor-59] ERROR o.a.t.s.TThreadPoolServer$WorkerProcess:258 - Thrift Error occurred during processing of message. 
org.apache.thrift.protocol.TProtocolException: Unrecognized type 105
	at org.apache.thrift.protocol.TProtocolUtil.skip(TProtocolUtil.java:144)
	at org.apache.thrift.protocol.TProtocolUtil.skip(TProtocolUtil.java:112)
	at org.apache.thrift.protocol.TProtocolUtil.skip(TProtocolUtil.java:60)
	at org.apache.iotdb.db.service.thrift.ProcessorWithMetrics.process(ProcessorWithMetrics.java:54)
	at org.apache.thrift.server.TThreadPoolServer$WorkerProcess.run(TThreadPoolServer.java:248)
	at java.base/java.util.concurrent.ThreadPoolExecutor.runWorker(ThreadPoolExecutor.java:1128)
	at java.base/java.util.concurrent.ThreadPoolExecutor$Worker.run(ThreadPoolExecutor.java:628)
	at java.base/java.lang.Thread.run(Thread.java:829)
2023-05-27 03:01:24,207 [pool-23-IoTDB-DataNodeInternalRPC-Processor-3] ERROR o.a.i.d.m.e.e.RegionWriteExecutor:88 - null 
java.util.ConcurrentModificationException: null
	at java.base/java.util.HashMap.computeIfAbsent(HashMap.java:1135)
	at org.apache.iotdb.consensus.ratis.RatisConsensus.write(RatisConsensus.java:238)
	at org.apache.iotdb.db.mpp.execution.executor.RegionWriteExecutor.fireTriggerAndInsert(RegionWriteExecutor.java:112)
	at org.apache.iotdb.db.mpp.execution.executor.RegionWriteExecutor$WritePlanNodeExecutionVisitor.executeDataInsert(RegionWriteExecutor.java:226)
	at org.apache.iotdb.db.mpp.execution.executor.RegionWriteExecutor$WritePlanNodeExecutionVisitor.visitInsertRow(RegionWriteExecutor.java:168)
	at org.apache.iotdb.db.mpp.execution.executor.RegionWriteExecutor$WritePlanNodeExecutionVisitor.visitInsertRow(RegionWriteExecutor.java:128)
	at org.apache.iotdb.db.mpp.plan.planner.plan.node.write.InsertRowNode.accept(InsertRowNode.java:820)
	at org.apache.iotdb.db.mpp.execution.executor.RegionWriteExecutor.execute(RegionWriteExecutor.java:86)
	at org.apache.iotdb.db.service.thrift.impl.DataNodeInternalRPCServiceImpl.sendPlanNode(DataNodeInternalRPCServiceImpl.java:283)
	at org.apache.iotdb.mpp.rpc.thrift.IDataNodeRPCService$Processor$sendPlanNode.getResult(IDataNodeRPCService.java:3607)
	at org.apache.iotdb.mpp.rpc.thrift.IDataNodeRPCService$Processor$sendPlanNode.getResult(IDataNodeRPCService.java:3587)
	at org.apache.thrift.ProcessFunction.process(ProcessFunction.java:38)
	at org.apache.thrift.TBaseProcessor.process(TBaseProcessor.java:38)
	at org.apache.thrift.server.TThreadPoolServer$WorkerProcess.run(TThreadPoolServer.java:248)
	at java.base/java.util.concurrent.ThreadPoolExecutor.runWorker(ThreadPoolExecutor.java:1128)
	at java.base/java.util.concurrent.ThreadPoolExecutor$Worker.run(ThreadPoolExecutor.java:628)
	at java.base/java.lang.Thread.run(Thread.java:829)
2023-05-27 03:01:24,207 [pool-23-IoTDB-DataNodeInternalRPC-Processor-4] ERROR o.a.i.d.m.e.e.RegionWriteExecutor:88 - null 
java.util.ConcurrentModificationException: null
	at java.base/java.util.HashMap.computeIfAbsent(HashMap.java:1135)
	at org.apache.iotdb.consensus.ratis.RatisConsensus.write(RatisConsensus.java:238)
	at org.apache.iotdb.db.mpp.execution.executor.RegionWriteExecutor.fireTriggerAndInsert(RegionWriteExecutor.java:112)
	at org.apache.iotdb.db.mpp.execution.executor.RegionWriteExecutor$WritePlanNodeExecutionVisitor.executeDataInsert(RegionWriteExecutor.java:226)
	at org.apache.iotdb.db.mpp.execution.executor.RegionWriteExecutor$WritePlanNodeExecutionVisitor.visitInsertRow(RegionWriteExecutor.java:168)
	at org.apache.iotdb.db.mpp.execution.executor.RegionWriteExecutor$WritePlanNodeExecutionVisitor.visitInsertRow(RegionWriteExecutor.java:128)
	at org.apache.iotdb.db.mpp.plan.planner.plan.node.write.InsertRowNode.accept(InsertRowNode.java:820)
	at org.apache.iotdb.db.mpp.execution.executor.RegionWriteExecutor.execute(RegionWriteExecutor.java:86)
	at org.apache.iotdb.db.service.thrift.impl.DataNodeInternalRPCServiceImpl.sendPlanNode(DataNodeInternalRPCServiceImpl.java:283)
	at org.apache.iotdb.mpp.rpc.thrift.IDataNodeRPCService$Processor$sendPlanNode.getResult(IDataNodeRPCService.java:3607)
	at org.apache.iotdb.mpp.rpc.thrift.IDataNodeRPCService$Processor$sendPlanNode.getResult(IDataNodeRPCService.java:3587)
	at org.apache.thrift.ProcessFunction.process(ProcessFunction.java:38)
	at org.apache.thrift.TBaseProcessor.process(TBaseProcessor.java:38)
	at org.apache.thrift.server.TThreadPoolServer$WorkerProcess.run(TThreadPoolServer.java:248)
	at java.base/java.util.concurrent.ThreadPoolExecutor.runWorker(ThreadPoolExecutor.java:1128)
	at java.base/java.util.concurrent.ThreadPoolExecutor$Worker.run(ThreadPoolExecutor.java:628)
	at java.base/java.lang.Thread.run(Thread.java:829)
